<?xml version="1.0" encoding="UTF-8"?>
<testsuite name="Diligenciamiento forms" tests="1" skipped="0" failures="0" errors="0" timestamp="2021-07-13T13:46:47" hostname="DESKTOP-CT3K1HU" time="63.53">
  <properties/>
  <testcase name="Acceso al formulario" classname="Diligenciamiento forms" time="63.53"/>
  <system-out><![CDATA[targetPedro Perexexcel Pedro Perex
targetasd@gmail.comexcel asd@gmail.com
targetFemaleexcel Female
target3125885469excel 3125885469
target28 April,1998excel 28 April,1998
targetEnglishexcel English
targetMusicexcel Music
targetimagen.jpgexcel imagen.jpg
targetcurrent 12 12excel current 12 12
targetRajasthan Jaiselmerexcel Rajasthan Jaiselmer
]]></system-out>
  <system-err><![CDATA[jul 13, 2021 8:46:47 AM org.openqa.selenium.remote.DesiredCapabilities chrome
INFORMACIÓN: Using `new ChromeOptions()` is preferred to `DesiredCapabilities.chrome()`
[Test worker] INFO net.serenitybdd.core.webdriver.driverproviders.ProvideNewDriver - Instantiating driver
[Test worker] INFO net.serenitybdd.core.webdriver.driverproviders.ProvideNewDriver - Driver capabilities: Capabilities {acceptInsecureCerts: false, browserName: chrome, chrome.switches: --disable-popup-blocking,--..., goog:chromeOptions: {args: [--disable-popup-blocking, --incognito, --disable-download-notifica..., --start-maximized, --test-type, --ignore-certificate-errors, --allow-running-insecure-co..., --disable-translate, --always-authorize-plugins, --disable-extensions, --disable-dev-shm-usage], extensions: []}, loggingPrefs: org.openqa.selenium.logging..., platform: ANY, version: }
Starting ChromeDriver 91.0.4472.101 (af52a90bf87030dd1523486a1cd3ae25c5d76c9b-refs/branch-heads/4472@{#1462}) on port 45781
Only local connections are allowed.
Please see https://chromedriver.chromium.org/security-considerations for suggestions on keeping ChromeDriver safe.
ChromeDriver was started successfully.
jul 13, 2021 8:46:51 AM org.openqa.selenium.remote.ProtocolHandshake createSession
INFORMACIÓN: Detected dialect: W3C
[Test worker] INFO net.thucydides.core.steps.ConsoleLoggingListener - 
        __    _____ _____ ____ _____   ____   _    ____  ____  _____ ____  
  _     \ \  |_   _| ____/ ___|_   _| |  _ \ / \  / ___|/ ___|| ____|  _ \ 
 (_)_____| |   | | |  _| \___ \ | |   | |_) / _ \ \___ \\___ \|  _| | | | |
  _|_____| |   | | | |___ ___) || |   |  __/ ___ \ ___) |___) | |___| |_| |
 (_)     | |   |_| |_____|____/ |_|   |_| /_/   \_\____/|____/|_____|____/ 
        /_/                                                                

TEST PASSED: Acceso al formulario
----------------------------------------------------------------------------
]]></system-err>
</testsuite>
